16:17:01.749 [main] INFO  o.s.t.c.s.DefaultTestContextBootstrapper - Loaded default TestExecutionListener class names from location [META-INF/spring.factories]: [org.springframework.test.context.web.ServletTestExecutionListener, org.springframework.test.context.support.DependencyInjectionTestExecutionListener, org.springframework.test.context.support.DirtiesContextTestExecutionListener, org.springframework.test.context.transaction.TransactionalTestExecutionListener, org.springframework.test.context.jdbc.SqlScriptsTestExecutionListener]
16:17:01.860 [main] INFO  o.s.t.c.s.DefaultTestContextBootstrapper - Using TestExecutionListeners: [org.springframework.test.context.web.ServletTestExecutionListener@15b3e5b, org.springframework.test.context.support.DependencyInjectionTestExecutionListener@61ca2dfa, org.springframework.test.context.support.DirtiesContextTestExecutionListener@4b53f538, org.springframework.test.context.transaction.TransactionalTestExecutionListener@134593bf, org.springframework.test.context.jdbc.SqlScriptsTestExecutionListener@4bb4de6a]
16:17:02.446 [main] INFO  o.s.b.f.xml.XmlBeanDefinitionReader - Loading XML bean definitions from class path resource [spring/applicationContext-dao.xml]
16:17:02.748 [main] INFO  o.s.b.f.xml.XmlBeanDefinitionReader - Loading XML bean definitions from class path resource [spring/applicationContext-service.xml]
16:17:03.120 [main] INFO  o.s.c.s.GenericApplicationContext - Refreshing org.springframework.context.support.GenericApplicationContext@49c43f4e: startup date [Fri Apr 13 16:17:03 CST 2018]; root of context hierarchy
16:17:04.540 [main] INFO  o.s.c.s.PropertySourcesPlaceholderConfigurer - Loading properties file from class path resource [jdbc.properties]
16:17:05.642 [main] INFO  c.alibaba.druid.pool.DruidDataSource - {dataSource-1} inited
16:17:09.455 [main] INFO  org.hqu.production_ms.util.JsonUtils - OrderList is: test,12,2,24
16:17:09.463 [main] INFO  o.s.t.c.s.DefaultTestContextBootstrapper - Loaded default TestExecutionListener class names from location [META-INF/spring.factories]: [org.springframework.test.context.web.ServletTestExecutionListener, org.springframework.test.context.support.DependencyInjectionTestExecutionListener, org.springframework.test.context.support.DirtiesContextTestExecutionListener, org.springframework.test.context.transaction.TransactionalTestExecutionListener, org.springframework.test.context.jdbc.SqlScriptsTestExecutionListener]
16:17:09.464 [main] INFO  o.s.t.c.s.DefaultTestContextBootstrapper - Using TestExecutionListeners: [org.springframework.test.context.web.ServletTestExecutionListener@6b7906b3, org.springframework.test.context.support.DependencyInjectionTestExecutionListener@3a1dd365, org.springframework.test.context.support.DirtiesContextTestExecutionListener@395b56bb, org.springframework.test.context.transaction.TransactionalTestExecutionListener@256f8274, org.springframework.test.context.jdbc.SqlScriptsTestExecutionListener@68044f4]
16:17:09.692 [main] INFO  o.s.t.c.s.DefaultTestContextBootstrapper - Loaded default TestExecutionListener class names from location [META-INF/spring.factories]: [org.springframework.test.context.web.ServletTestExecutionListener, org.springframework.test.context.support.DependencyInjectionTestExecutionListener, org.springframework.test.context.support.DirtiesContextTestExecutionListener, org.springframework.test.context.transaction.TransactionalTestExecutionListener, org.springframework.test.context.jdbc.SqlScriptsTestExecutionListener]
16:17:09.693 [main] INFO  o.s.t.c.s.DefaultTestContextBootstrapper - Using TestExecutionListeners: [org.springframework.test.context.web.ServletTestExecutionListener@34997338, org.springframework.test.context.support.DependencyInjectionTestExecutionListener@57eda880, org.springframework.test.context.support.DirtiesContextTestExecutionListener@2b5825fa, org.springframework.test.context.transaction.TransactionalTestExecutionListener@53d1b9b3, org.springframework.test.context.jdbc.SqlScriptsTestExecutionListener@2cae1042]
16:17:09.769 [main] INFO  o.s.t.c.s.DefaultTestContextBootstrapper - Loaded default TestExecutionListener class names from location [META-INF/spring.factories]: [org.springframework.test.context.web.ServletTestExecutionListener, org.springframework.test.context.support.DependencyInjectionTestExecutionListener, org.springframework.test.context.support.DirtiesContextTestExecutionListener, org.springframework.test.context.transaction.TransactionalTestExecutionListener, org.springframework.test.context.jdbc.SqlScriptsTestExecutionListener]
16:17:09.770 [main] INFO  o.s.t.c.s.DefaultTestContextBootstrapper - Using TestExecutionListeners: [org.springframework.test.context.web.ServletTestExecutionListener@6821ea29, org.springframework.test.context.support.DependencyInjectionTestExecutionListener@338494fa, org.springframework.test.context.support.DirtiesContextTestExecutionListener@505a9d7c, org.springframework.test.context.transaction.TransactionalTestExecutionListener@758c83d8, org.springframework.test.context.jdbc.SqlScriptsTestExecutionListener@129b4fe2]
16:17:09.905 [main] INFO  o.s.t.c.s.DefaultTestContextBootstrapper - Loaded default TestExecutionListener class names from location [META-INF/spring.factories]: [org.springframework.test.context.web.ServletTestExecutionListener, org.springframework.test.context.support.DependencyInjectionTestExecutionListener, org.springframework.test.context.support.DirtiesContextTestExecutionListener, org.springframework.test.context.transaction.TransactionalTestExecutionListener, org.springframework.test.context.jdbc.SqlScriptsTestExecutionListener]
16:17:09.907 [main] INFO  o.s.t.c.s.DefaultTestContextBootstrapper - Using TestExecutionListeners: [org.springframework.test.context.web.ServletTestExecutionListener@fd8294b, org.springframework.test.context.support.DependencyInjectionTestExecutionListener@5974109, org.springframework.test.context.support.DirtiesContextTestExecutionListener@27305e6, org.springframework.test.context.transaction.TransactionalTestExecutionListener@1ef3efa8, org.springframework.test.context.jdbc.SqlScriptsTestExecutionListener@502f1f4c]
16:17:09.945 [Thread-1] INFO  o.s.c.s.GenericApplicationContext - Closing org.springframework.context.support.GenericApplicationContext@49c43f4e: startup date [Fri Apr 13 16:17:03 CST 2018]; root of context hierarchy
16:17:09.966 [Thread-1] INFO  c.alibaba.druid.pool.DruidDataSource - {dataSource-1} closed
17:31:24.305 [main] INFO  o.s.t.c.s.DefaultTestContextBootstrapper - Loaded default TestExecutionListener class names from location [META-INF/spring.factories]: [org.springframework.test.context.web.ServletTestExecutionListener, org.springframework.test.context.support.DependencyInjectionTestExecutionListener, org.springframework.test.context.support.DirtiesContextTestExecutionListener, org.springframework.test.context.transaction.TransactionalTestExecutionListener, org.springframework.test.context.jdbc.SqlScriptsTestExecutionListener]
17:31:24.405 [main] INFO  o.s.t.c.s.DefaultTestContextBootstrapper - Using TestExecutionListeners: [org.springframework.test.context.web.ServletTestExecutionListener@60285225, org.springframework.test.context.support.DependencyInjectionTestExecutionListener@7113b13f, org.springframework.test.context.support.DirtiesContextTestExecutionListener@45820e51, org.springframework.test.context.transaction.TransactionalTestExecutionListener@42d8062c, org.springframework.test.context.jdbc.SqlScriptsTestExecutionListener@6043cd28]
17:31:24.875 [main] INFO  o.s.b.f.xml.XmlBeanDefinitionReader - Loading XML bean definitions from class path resource [spring/applicationContext-dao.xml]
17:31:25.206 [main] INFO  o.s.b.f.xml.XmlBeanDefinitionReader - Loading XML bean definitions from class path resource [spring/applicationContext-service.xml]
17:31:25.820 [main] INFO  o.s.c.s.GenericApplicationContext - Refreshing org.springframework.context.support.GenericApplicationContext@4524411f: startup date [Fri Apr 13 17:31:25 CST 2018]; root of context hierarchy
17:31:27.104 [main] INFO  o.s.c.s.PropertySourcesPlaceholderConfigurer - Loading properties file from class path resource [jdbc.properties]
17:31:28.298 [main] INFO  c.alibaba.druid.pool.DruidDataSource - {dataSource-1} inited
17:31:33.654 [Thread-1] INFO  o.s.c.s.GenericApplicationContext - Closing org.springframework.context.support.GenericApplicationContext@4524411f: startup date [Fri Apr 13 17:31:25 CST 2018]; root of context hierarchy
17:31:33.677 [Thread-1] INFO  c.alibaba.druid.pool.DruidDataSource - {dataSource-1} closed
17:32:57.495 [main] INFO  o.s.t.c.s.DefaultTestContextBootstrapper - Loaded default TestExecutionListener class names from location [META-INF/spring.factories]: [org.springframework.test.context.web.ServletTestExecutionListener, org.springframework.test.context.support.DependencyInjectionTestExecutionListener, org.springframework.test.context.support.DirtiesContextTestExecutionListener, org.springframework.test.context.transaction.TransactionalTestExecutionListener, org.springframework.test.context.jdbc.SqlScriptsTestExecutionListener]
17:32:57.665 [main] INFO  o.s.t.c.s.DefaultTestContextBootstrapper - Using TestExecutionListeners: [org.springframework.test.context.web.ServletTestExecutionListener@60285225, org.springframework.test.context.support.DependencyInjectionTestExecutionListener@7113b13f, org.springframework.test.context.support.DirtiesContextTestExecutionListener@45820e51, org.springframework.test.context.transaction.TransactionalTestExecutionListener@42d8062c, org.springframework.test.context.jdbc.SqlScriptsTestExecutionListener@6043cd28]
17:32:58.053 [main] INFO  o.s.b.f.xml.XmlBeanDefinitionReader - Loading XML bean definitions from class path resource [spring/applicationContext-dao.xml]
17:32:58.331 [main] INFO  o.s.b.f.xml.XmlBeanDefinitionReader - Loading XML bean definitions from class path resource [spring/applicationContext-service.xml]
17:32:58.772 [main] INFO  o.s.c.s.GenericApplicationContext - Refreshing org.springframework.context.support.GenericApplicationContext@4524411f: startup date [Fri Apr 13 17:32:58 CST 2018]; root of context hierarchy
17:32:59.624 [main] INFO  o.s.c.s.PropertySourcesPlaceholderConfigurer - Loading properties file from class path resource [jdbc.properties]
17:33:00.881 [main] INFO  c.alibaba.druid.pool.DruidDataSource - {dataSource-1} inited
17:33:05.963 [Thread-1] INFO  o.s.c.s.GenericApplicationContext - Closing org.springframework.context.support.GenericApplicationContext@4524411f: startup date [Fri Apr 13 17:32:58 CST 2018]; root of context hierarchy
17:33:06.041 [Thread-1] INFO  c.alibaba.druid.pool.DruidDataSource - {dataSource-1} closed
